<?xml version="1.0" encoding="UTF-8"?>
<!-- Generated by org.testng.reporters.JUnitReportReporter -->
<testsuite hostname="LAPTOP-VKDDRHOH" failures="0" tests="1" name="new2.b3" time="12.988" errors="0" timestamp="2023-05-28T13:12:21 SGT" skipped="0">
  <testcase classname="new2.b3" name="s2" time="12.988"/>
  <system-out/>
</testsuite> <!-- new2.b3 -->
