<?xml version="1.0" encoding="UTF-8"?>
<!-- Generated by org.testng.reporters.JUnitReportReporter -->
<testsuite hostname="LAPTOP-VKDDRHOH" failures="0" tests="1" name="excel.readwrite" time="2.527" errors="0" timestamp="2023-05-24T08:23:56 SGT" skipped="0">
  <testcase classname="excel.readwrite" name="rw" time="2.527"/>
  <system-out/>
</testsuite> <!-- excel.readwrite -->
