<?xml version="1.0" encoding="UTF-8"?>
<!-- Generated by org.testng.reporters.JUnitReportReporter -->
<testsuite hostname="LAPTOP-VKDDRHOH" failures="0" tests="1" name="new1.b1" time="10.871" errors="0" timestamp="2023-05-23T15:58:35 SGT" skipped="0">
  <testcase classname="new1.b1" name="a1" time="10.871"/>
  <system-out/>
</testsuite> <!-- new1.b1 -->
